<?xml version="1.0" encoding="UTF-8" ?>
<testsuite tests="8" failures="0" name="game.UtilityTest" time="0.098" errors="0" skipped="0">
  <properties>
[...]
</properties>
  <testcase classname="game.UtilityTest" name="readFile_test_default" time="0.01"/>
  <testcase classname="game.UtilityTest" name="readFile_test_correct_data_different_sequence" time="0.074"/>
  <testcase classname="game.UtilityTest" name="readFile_test_wrong_data_second_times_the_same_value" time="0.003"/>
  <testcase classname="game.UtilityTest" name="readFile_path_null" time="0.001"/>
  <testcase classname="game.UtilityTest" name="readFile_test_correct_data_not_all" time="0.002"/>
  <testcase classname="game.UtilityTest" name="readFile_test_wrong_data_not_int" time="0.003"/>
  <testcase classname="game.UtilityTest" name="readFile_test_correct_data_different_line" time="0.003"/>
  <testcase classname="game.UtilityTest" name="readFile_2_NullPointerException" time="0.002"/>
</testsuite>